# JRE version: OpenJDK Runtime Environment Temurin-17.0.5+8 (17.0.5+8) (build 17.0.5+8)
# Java VM: OpenJDK 64-Bit Server VM Temurin-17.0.5+8 (17.0.5+8, mixed mode, tiered, compressed oops, compressed class ptrs, parallel gc, windows-amd64)
GC Precious Log:
 CPUs: 12 total, 12 available
 Memory: 7514M
 Large Page Support: Disabled
 NUMA Support: Disabled
 Compressed Oops: Enabled (32-bit)
 Alignments: Space 512K, Generation 512K, Heap 2M
 Heap Min Capacity: 100M
 Heap Initial Capacity: 100M
 Heap Max Capacity: 1G
 Pre-touch: Disabled
 Parallel Workers: 10
Heap:
 PSYoungGen      total 7680K, used 2976K [0x00000000eab00000, 0x00000000eb900000, 0x0000000100000000)
  eden space 4608K, 0% used [0x00000000eab00000,0x00000000eab00000,0x00000000eaf80000)
  from space 3072K, 96% used [0x00000000eb600000,0x00000000eb8e8010,0x00000000eb900000)
  to   space 4096K, 0% used [0x00000000eb100000,0x00000000eb100000,0x00000000eb500000)
 ParOldGen       total 126464K, used 125431K [0x00000000c0000000, 0x00000000c7b80000, 0x00000000eab00000)
  object space 126464K, 99% used [0x00000000c0000000,0x00000000c7a7dc20,0x00000000c7b80000)
 Metaspace       used 88749K, committed 89792K, reserved 1130496K
  class space    used 8674K, committed 9152K, reserved 1048576K
GC Heap History (20 events):
Event: 26728.968 GC heap after
{Heap after GC invocations=10320 (full 224):
 PSYoungGen      total 3584K, used 1536K [0x00000000eab00000, 0x00000000eb480000, 0x0000000100000000)
  eden space 2048K, 0% used [0x00000000eab00000,0x00000000eab00000,0x00000000ead00000)
  from space 1536K, 100% used [0x00000000ead00000,0x00000000eae80000,0x00000000eae80000)
  to   space 3584K, 0% used [0x00000000eb100000,0x00000000eb100000,0x00000000eb480000)
 ParOldGen       total 126464K, used 106800K [0x00000000c0000000, 0x00000000c7b80000, 0x00000000eab00000)
  object space 126464K, 84% used [0x00000000c0000000,0x00000000c684c148,0x00000000c7b80000)
 Metaspace       used 88736K, committed 89792K, reserved 1130496K
  class space    used 8673K, committed 9152K, reserved 1048576K
}
Event: 26728.980 GC heap before
{Heap before GC invocations=10321 (full 224):
 PSYoungGen      total 3584K, used 3291K [0x00000000eab00000, 0x00000000eb480000, 0x0000000100000000)
  eden space 2048K, 85% used [0x00000000eab00000,0x00000000eacb6f60,0x00000000ead00000)
  from space 1536K, 100% used [0x00000000ead00000,0x00000000eae80000,0x00000000eae80000)
  to   space 3584K, 0% used [0x00000000eb100000,0x00000000eb100000,0x00000000eb480000)
 ParOldGen       total 126464K, used 106800K [0x00000000c0000000, 0x00000000c7b80000, 0x00000000eab00000)
  object space 126464K, 84% used [0x00000000c0000000,0x00000000c684c148,0x00000000c7b80000)
 Metaspace       used 88741K, committed 89792K, reserved 1130496K
  class space    used 8673K, committed 9152K, reserved 1048576K
}
Event: 26728.984 GC heap after
{Heap after GC invocations=10321 (full 224):
 PSYoungGen      total 4096K, used 1440K [0x00000000eab00000, 0x00000000eb280000, 0x0000000100000000)
  eden space 2560K, 0% used [0x00000000eab00000,0x00000000eab00000,0x00000000ead80000)
  from space 1536K, 93% used [0x00000000eb100000,0x00000000eb268000,0x00000000eb280000)
  to   space 2048K, 0% used [0x00000000eae80000,0x00000000eae80000,0x00000000eb080000)
 ParOldGen       total 126464K, used 108152K [0x00000000c0000000, 0x00000000c7b80000, 0x00000000eab00000)
  object space 126464K, 85% used [0x00000000c0000000,0x00000000c699e148,0x00000000c7b80000)
 Metaspace       used 88741K, committed 89792K, reserved 1130496K
  class space    used 8673K, committed 9152K, reserved 1048576K
}
Event: 26729.043 GC heap before
{Heap before GC invocations=10322 (full 224):
 PSYoungGen      total 4096K, used 4000K [0x00000000eab00000, 0x00000000eb280000, 0x0000000100000000)
  eden space 2560K, 100% used [0x00000000eab00000,0x00000000ead80000,0x00000000ead80000)
  from space 1536K, 93% used [0x00000000eb100000,0x00000000eb268000,0x00000000eb280000)
  to   space 2048K, 0% used [0x00000000eae80000,0x00000000eae80000,0x00000000eb080000)
 ParOldGen       total 126464K, used 108152K [0x00000000c0000000, 0x00000000c7b80000, 0x00000000eab00000)
  object space 126464K, 85% used [0x00000000c0000000,0x00000000c699e148,0x00000000c7b80000)
 Metaspace       used 88741K, committed 89792K, reserved 1130496K
  class space    used 8673K, committed 9152K, reserved 1048576K
}
Event: 26729.047 GC heap after
{Heap after GC invocations=10322 (full 224):
 PSYoungGen      total 5120K, used 2042K [0x00000000eab00000, 0x00000000eb500000, 0x0000000100000000)
  eden space 3072K, 0% used [0x00000000eab00000,0x00000000eab00000,0x00000000eae00000)
  from space 2048K, 99% used [0x00000000eae80000,0x00000000eb07eb30,0x00000000eb080000)
  to   space 3584K, 0% used [0x00000000eb180000,0x00000000eb180000,0x00000000eb500000)
 ParOldGen       total 126464K, used 109240K [0x00000000c0000000, 0x00000000c7b80000, 0x00000000eab00000)
  object space 126464K, 86% used [0x00000000c0000000,0x00000000c6aae148,0x00000000c7b80000)
 Metaspace       used 88741K, committed 89792K, reserved 1130496K
  class space    used 8673K, committed 9152K, reserved 1048576K
}
Event: 26729.055 GC heap before
{Heap before GC invocations=10323 (full 224):
 PSYoungGen      total 5120K, used 5114K [0x00000000eab00000, 0x00000000eb500000, 0x0000000100000000)
  eden space 3072K, 100% used [0x00000000eab00000,0x00000000eae00000,0x00000000eae00000)
  from space 2048K, 99% used [0x00000000eae80000,0x00000000eb07eb30,0x00000000eb080000)
  to   space 3584K, 0% used [0x00000000eb180000,0x00000000eb180000,0x00000000eb500000)
 ParOldGen       total 126464K, used 109240K [0x00000000c0000000, 0x00000000c7b80000, 0x00000000eab00000)
  object space 126464K, 86% used [0x00000000c0000000,0x00000000c6aae148,0x00000000c7b80000)
 Metaspace       used 88742K, committed 89792K, reserved 1130496K
  class space    used 8673K, committed 9152K, reserved 1048576K
}
Event: 26729.058 GC heap after
{Heap after GC invocations=10323 (full 224):
 PSYoungGen      total 6656K, used 2016K [0x00000000eab00000, 0x00000000eb400000, 0x0000000100000000)
  eden space 4096K, 0% used [0x00000000eab00000,0x00000000eab00000,0x00000000eaf00000)
  from space 2560K, 78% used [0x00000000eb180000,0x00000000eb378000,0x00000000eb400000)
  to   space 2560K, 0% used [0x00000000eaf00000,0x00000000eaf00000,0x00000000eb180000)
 ParOldGen       total 126464K, used 111472K [0x00000000c0000000, 0x00000000c7b80000, 0x00000000eab00000)
  object space 126464K, 88% used [0x00000000c0000000,0x00000000c6cdc260,0x00000000c7b80000)
 Metaspace       used 88742K, committed 89792K, reserved 1130496K
  class space    used 8673K, committed 9152K, reserved 1048576K
}
Event: 28302.744 GC heap before
{Heap before GC invocations=10324 (full 224):
 PSYoungGen      total 6656K, used 6112K [0x00000000eab00000, 0x00000000eb400000, 0x0000000100000000)
  eden space 4096K, 100% used [0x00000000eab00000,0x00000000eaf00000,0x00000000eaf00000)
  from space 2560K, 78% used [0x00000000eb180000,0x00000000eb378000,0x00000000eb400000)
  to   space 2560K, 0% used [0x00000000eaf00000,0x00000000eaf00000,0x00000000eb180000)
 ParOldGen       total 126464K, used 111472K [0x00000000c0000000, 0x00000000c7b80000, 0x00000000eab00000)
  object space 126464K, 88% used [0x00000000c0000000,0x00000000c6cdc260,0x00000000c7b80000)
 Metaspace       used 88746K, committed 89792K, reserved 1130496K
  class space    used 8674K, committed 9152K, reserved 1048576K
}
Event: 28302.779 GC heap after
{Heap after GC invocations=10324 (full 224):
 PSYoungGen      total 6656K, used 1264K [0x00000000eab00000, 0x00000000eb400000, 0x0000000100000000)
  eden space 4096K, 0% used [0x00000000eab00000,0x00000000eab00000,0x00000000eaf00000)
  from space 2560K, 49% used [0x00000000eaf00000,0x00000000eb03c000,0x00000000eb180000)
  to   space 2048K, 0% used [0x00000000eb200000,0x00000000eb200000,0x00000000eb400000)
 ParOldGen       total 126464K, used 113333K [0x00000000c0000000, 0x00000000c7b80000, 0x00000000eab00000)
  object space 126464K, 89% used [0x00000000c0000000,0x00000000c6ead700,0x00000000c7b80000)
 Metaspace       used 88746K, committed 89792K, reserved 1130496K
  class space    used 8674K, committed 9152K, reserved 1048576K
}
Event: 28662.211 GC heap before
{Heap before GC invocations=10325 (full 224):
 PSYoungGen      total 6656K, used 5360K [0x00000000eab00000, 0x00000000eb400000, 0x0000000100000000)
  eden space 4096K, 100% used [0x00000000eab00000,0x00000000eaf00000,0x00000000eaf00000)
  from space 2560K, 49% used [0x00000000eaf00000,0x00000000eb03c000,0x00000000eb180000)
  to   space 2048K, 0% used [0x00000000eb200000,0x00000000eb200000,0x00000000eb400000)
 ParOldGen       total 126464K, used 113333K [0x00000000c0000000, 0x00000000c7b80000, 0x00000000eab00000)
  object space 126464K, 89% used [0x00000000c0000000,0x00000000c6ead700,0x00000000c7b80000)
 Metaspace       used 88747K, committed 89792K, reserved 1130496K
  class space    used 8674K, committed 9152K, reserved 1048576K
}
Event: 28662.218 GC heap after
{Heap after GC invocations=10325 (full 224):
 PSYoungGen      total 5120K, used 2041K [0x00000000eab00000, 0x00000000eb700000, 0x0000000100000000)
  eden space 3072K, 0% used [0x00000000eab00000,0x00000000eab00000,0x00000000eae00000)
  from space 2048K, 99% used [0x00000000eb200000,0x00000000eb3fe530,0x00000000eb400000)
  to   space 4096K, 0% used [0x00000000eae00000,0x00000000eae00000,0x00000000eb200000)
 ParOldGen       total 126464K, used 114661K [0x00000000c0000000, 0x00000000c7b80000, 0x00000000eab00000)
  object space 126464K, 90% used [0x00000000c0000000,0x00000000c6ff9700,0x00000000c7b80000)
 Metaspace       used 88747K, committed 89792K, reserved 1130496K
  class space    used 8674K, committed 9152K, reserved 1048576K
}
Event: 28662.237 GC heap before
{Heap before GC invocations=10326 (full 224):
 PSYoungGen      total 5120K, used 5113K [0x00000000eab00000, 0x00000000eb700000, 0x0000000100000000)
  eden space 3072K, 100% used [0x00000000eab00000,0x00000000eae00000,0x00000000eae00000)
  from space 2048K, 99% used [0x00000000eb200000,0x00000000eb3fe530,0x00000000eb400000)
  to   space 4096K, 0% used [0x00000000eae00000,0x00000000eae00000,0x00000000eb200000)
 ParOldGen       total 126464K, used 114661K [0x00000000c0000000, 0x00000000c7b80000, 0x00000000eab00000)
  object space 126464K, 90% used [0x00000000c0000000,0x00000000c6ff9700,0x00000000c7b80000)
 Metaspace       used 88747K, committed 89792K, reserved 1130496K
  class space    used 8674K, committed 9152K, reserved 1048576K
}
Event: 28662.250 GC heap after
{Heap after GC invocations=10326 (full 224):
 PSYoungGen      total 7168K, used 3200K [0x00000000eab00000, 0x00000000eb600000, 0x0000000100000000)
  eden space 3072K, 0% used [0x00000000eab00000,0x00000000eab00000,0x00000000eae00000)
  from space 4096K, 78% used [0x00000000eae00000,0x00000000eb120000,0x00000000eb200000)
  to   space 3584K, 0% used [0x00000000eb280000,0x00000000eb280000,0x00000000eb600000)
 ParOldGen       total 126464K, used 116748K [0x00000000c0000000, 0x00000000c7b80000, 0x00000000eab00000)
  object space 126464K, 92% used [0x00000000c0000000,0x00000000c72030d0,0x00000000c7b80000)
 Metaspace       used 88747K, committed 89792K, reserved 1130496K
  class space    used 8674K, committed 9152K, reserved 1048576K
}
Event: 28662.266 GC heap before
{Heap before GC invocations=10327 (full 224):
 PSYoungGen      total 7168K, used 6272K [0x00000000eab00000, 0x00000000eb600000, 0x0000000100000000)
  eden space 3072K, 100% used [0x00000000eab00000,0x00000000eae00000,0x00000000eae00000)
  from space 4096K, 78% used [0x00000000eae00000,0x00000000eb120000,0x00000000eb200000)
  to   space 3584K, 0% used [0x00000000eb280000,0x00000000eb280000,0x00000000eb600000)
 ParOldGen       total 126464K, used 116748K [0x00000000c0000000, 0x00000000c7b80000, 0x00000000eab00000)
  object space 126464K, 92% used [0x00000000c0000000,0x00000000c72030d0,0x00000000c7b80000)
 Metaspace       used 88747K, committed 89792K, reserved 1130496K
  class space    used 8674K, committed 9152K, reserved 1048576K
}
Event: 28662.281 GC heap after
{Heap after GC invocations=10327 (full 224):
 PSYoungGen      total 7168K, used 2800K [0x00000000eab00000, 0x00000000eb580000, 0x0000000100000000)
  eden space 4096K, 0% used [0x00000000eab00000,0x00000000eab00000,0x00000000eaf00000)
  from space 3072K, 91% used [0x00000000eb280000,0x00000000eb53c000,0x00000000eb580000)
  to   space 3072K, 0% used [0x00000000eaf80000,0x00000000eaf80000,0x00000000eb280000)
 ParOldGen       total 126464K, used 119844K [0x00000000c0000000, 0x00000000c7b80000, 0x00000000eab00000)
  object space 126464K, 94% used [0x00000000c0000000,0x00000000c75090d0,0x00000000c7b80000)
 Metaspace       used 88747K, committed 89792K, reserved 1130496K
  class space    used 8674K, committed 9152K, reserved 1048576K
}
Event: 28662.355 GC heap before
{Heap before GC invocations=10328 (full 224):
 PSYoungGen      total 7168K, used 6896K [0x00000000eab00000, 0x00000000eb580000, 0x0000000100000000)
  eden space 4096K, 100% used [0x00000000eab00000,0x00000000eaf00000,0x00000000eaf00000)
  from space 3072K, 91% used [0x00000000eb280000,0x00000000eb53c000,0x00000000eb580000)
  to   space 3072K, 0% used [0x00000000eaf80000,0x00000000eaf80000,0x00000000eb280000)
 ParOldGen       total 126464K, used 119844K [0x00000000c0000000, 0x00000000c7b80000, 0x00000000eab00000)
  object space 126464K, 94% used [0x00000000c0000000,0x00000000c75090d0,0x00000000c7b80000)
 Metaspace       used 88747K, committed 89792K, reserved 1130496K
  class space    used 8674K, committed 9152K, reserved 1048576K
}
Event: 28662.367 GC heap after
{Heap after GC invocations=10328 (full 224):
 PSYoungGen      total 7680K, used 3066K [0x00000000eab00000, 0x00000000ebc00000, 0x0000000100000000)
  eden space 4608K, 0% used [0x00000000eab00000,0x00000000eab00000,0x00000000eaf80000)
  from space 3072K, 99% used [0x00000000eaf80000,0x00000000eb27eb30,0x00000000eb280000)
  to   space 6144K, 0% used [0x00000000eb600000,0x00000000eb600000,0x00000000ebc00000)
 ParOldGen       total 126464K, used 122308K [0x00000000c0000000, 0x00000000c7b80000, 0x00000000eab00000)
  object space 126464K, 96% used [0x00000000c0000000,0x00000000c77710f0,0x00000000c7b80000)
 Metaspace       used 88747K, committed 89792K, reserved 1130496K
  class space    used 8674K, committed 9152K, reserved 1048576K
}
Event: 28662.647 GC heap before
{Heap before GC invocations=10329 (full 224):
 PSYoungGen      total 7680K, used 7674K [0x00000000eab00000, 0x00000000ebc00000, 0x0000000100000000)
  eden space 4608K, 100% used [0x00000000eab00000,0x00000000eaf80000,0x00000000eaf80000)
  from space 3072K, 99% used [0x00000000eaf80000,0x00000000eb27eb30,0x00000000eb280000)
  to   space 6144K, 0% used [0x00000000eb600000,0x00000000eb600000,0x00000000ebc00000)
 ParOldGen       total 126464K, used 122308K [0x00000000c0000000, 0x00000000c7b80000, 0x00000000eab00000)
  object space 126464K, 96% used [0x00000000c0000000,0x00000000c77710f0,0x00000000c7b80000)
 Metaspace       used 88749K, committed 89792K, reserved 1130496K
  class space    used 8674K, committed 9152K, reserved 1048576K
}
Event: 28662.656 GC heap after
{Heap after GC invocations=10329 (full 224):
 PSYoungGen      total 7680K, used 2976K [0x00000000eab00000, 0x00000000eb900000, 0x0000000100000000)
  eden space 4608K, 0% used [0x00000000eab00000,0x00000000eab00000,0x00000000eaf80000)
  from space 3072K, 96% used [0x00000000eb600000,0x00000000eb8e8010,0x00000000eb900000)
  to   space 4096K, 0% used [0x00000000eb100000,0x00000000eb100000,0x00000000eb500000)
 ParOldGen       total 126464K, used 125431K [0x00000000c0000000, 0x00000000c7b80000, 0x00000000eab00000)
  object space 126464K, 99% used [0x00000000c0000000,0x00000000c7a7dc20,0x00000000c7b80000)
 Metaspace       used 88749K, committed 89792K, reserved 1130496K
  class space    used 8674K, committed 9152K, reserved 1048576K
}
Event: 28662.656 GC heap before
{Heap before GC invocations=10330 (full 225):
 PSYoungGen      total 7680K, used 2976K [0x00000000eab00000, 0x00000000eb900000, 0x0000000100000000)
  eden space 4608K, 0% used [0x00000000eab00000,0x00000000eab00000,0x00000000eaf80000)
  from space 3072K, 96% used [0x00000000eb600000,0x00000000eb8e8010,0x00000000eb900000)
  to   space 4096K, 0% used [0x00000000eb100000,0x00000000eb100000,0x00000000eb500000)
 ParOldGen       total 126464K, used 125431K [0x00000000c0000000, 0x00000000c7b80000, 0x00000000eab00000)
  object space 126464K, 99% used [0x00000000c0000000,0x00000000c7a7dc20,0x00000000c7b80000)
 Metaspace       used 88749K, committed 89792K, reserved 1130496K
  class space    used 8674K, committed 9152K, reserved 1048576K
}

